0 info it worked if it ends with ok
1 verbose cli [ '/usr/local/bin/node', '/usr/local/bin/npm', 'run', 'lint' ]
2 info using npm@3.10.3
3 info using node@v6.3.0
4 verbose run-script [ 'prelint', 'lint', 'postlint' ]
5 info lifecycle wsucsc_social@~prelint: wsucsc_social@
6 silly lifecycle wsucsc_social@~prelint: no script for prelint, continuing
7 info lifecycle wsucsc_social@~lint: wsucsc_social@
8 verbose lifecycle wsucsc_social@~lint: unsafe-perm in lifecycle true
9 verbose lifecycle wsucsc_social@~lint: PATH: /usr/local/lib/node_modules/npm/bin/node-gyp-bin:/Users/mhakim13/Projects/wsucsc/WSUCSClub meteor/node_modules/.bin:/usr/local/bin:/opt/local/bin:/opt/local/sbin:/usr/local/npm/bin:/usr/local/share/npm/bin:/usr/local/bin:/opt/local/bin:/opt/local/sbin:/opt/local/bin:/opt/local/sbin:/Users/mhakim13/.rvm/gems/ruby-2.2.0/bin:/Users/mhakim13/.rvm/gems/ruby-2.2.0@global/bin:/Users/mhakim13/.rvm/rubies/ruby-2.2.0/bin:/usr/local/bin:/usr/bin:/bin:/usr/sbin:/sbin:/opt/X11/bin:/usr/local/git/bin:/usr/local/go/bin:/usr/local/MacGPG2/bin:/Users/mhakim13/.rvm/bin:/Users/mhakim13/.rvm/bin
10 verbose lifecycle wsucsc_social@~lint: CWD: /Users/mhakim13/Projects/wsucsc/WSUCSClub meteor
11 silly lifecycle wsucsc_social@~lint: Args: [ '-c', 'eslint .' ]
12 silly lifecycle wsucsc_social@~lint: Returned: code: 1  signal: null
13 info lifecycle wsucsc_social@~lint: Failed to exec lint script
14 verbose stack Error: wsucsc_social@ lint: `eslint .`
14 verbose stack Exit status 1
14 verbose stack     at EventEmitter.<anonymous> (/usr/local/lib/node_modules/npm/lib/utils/lifecycle.js:242:16)
14 verbose stack     at emitTwo (events.js:106:13)
14 verbose stack     at EventEmitter.emit (events.js:191:7)
14 verbose stack     at ChildProcess.<anonymous> (/usr/local/lib/node_modules/npm/lib/utils/spawn.js:40:14)
14 verbose stack     at emitTwo (events.js:106:13)
14 verbose stack     at ChildProcess.emit (events.js:191:7)
14 verbose stack     at maybeClose (internal/child_process.js:852:16)
14 verbose stack     at Process.ChildProcess._handle.onexit (internal/child_process.js:215:5)
15 verbose pkgid wsucsc_social@
16 verbose cwd /Users/mhakim13/Projects/wsucsc/WSUCSClub meteor
17 error Darwin 16.1.0
18 error argv "/usr/local/bin/node" "/usr/local/bin/npm" "run" "lint"
19 error node v6.3.0
20 error npm  v3.10.3
21 error code ELIFECYCLE
22 error wsucsc_social@ lint: `eslint .`
22 error Exit status 1
23 error Failed at the wsucsc_social@ lint script 'eslint .'.
23 error Make sure you have the latest version of node.js and npm installed.
23 error If you do, this is most likely a problem with the wsucsc_social package,
23 error not with npm itself.
23 error Tell the author that this fails on your system:
23 error     eslint .
23 error You can get information on how to open an issue for this project with:
23 error     npm bugs wsucsc_social
23 error Or if that isn't available, you can get their info via:
23 error     npm owner ls wsucsc_social
23 error There is likely additional logging output above.
24 verbose exit [ 1, true ]
